/Users/hakanalsancak/Library/Python/3.9/lib/python/site-packages/urllib3/__init__.py:35: NotOpenSSLWarning: urllib3 v2 only supports OpenSSL 1.1.1+, currently the 'ssl' module is compiled with 'LibreSSL 2.8.3'. See: https://github.com/urllib3/urllib3/issues/3020
  warnings.warn(
               
               
┌─────────────┐
│ Scan Status │
└─────────────┘
  Scanning 35 files tracked by git with 17 Code rules:
  Scanning 35 files.
               
               
┌─────────────┐
│ Scan Status │
└─────────────┘
  Scanning 35 files tracked by git with 2 Code rules:
  Scanning 35 files with 2 <multilang> rules.
                
                
┌──────────────┐
│ Scan Summary │
└──────────────┘
✅ Scan completed successfully.
 • Findings: 0 (0 blocking)
 • Rules run: 1
 • Targets scanned: 35
 • Parsed lines: ~100.0%
 • Scan was limited to files tracked by git
 • For a detailed list of skipped files and lines, run semgrep with the --verbose flag
Ran 1 rule on 35 files: 0 findings.

A new version of Semgrep is available. See https://semgrep.dev/docs/upgrading
If Semgrep missed a finding, please send us feedback to let us know!
See https://semgrep.dev/docs/reporting-false-negatives/
